[2025-11-28 18:22:04] BACKFILL SMS CONSENT (ALL PROFILES) - Job: default
[18:22:04] Script version: 2.2.0 (updated: 2025-11-28 18:10:00)
[18:22:04] Mode: Fetch ALL profiles, batch writes to Klaviyo
[18:22:04] US phone validation: +1XXXXXXXXXX format only
[18:22:04] Dry run mode: NO
[18:22:04] Configuration loaded
[18:22:04] API Version: 2025-10-15
[18:22:04] Fetching ALL profiles from Klaviyo (no limit)...
[18:22:04] Fetching ALL profiles from Klaviyo (no limit)...
[18:22:04] Fetching page 1...
[18:22:04] Page 1: 100 profiles (96 with phone so far)
[18:22:04] Fetching page 2...
[18:22:04] Page 2: 100 profiles (196 with phone so far)
[18:22:05] Fetching page 3...
[18:22:05] Page 3: 100 profiles (296 with phone so far)
[18:22:05] Fetching page 4...
[18:22:05] Page 4: 100 profiles (396 with phone so far)
[18:22:06] Fetching page 5...
[18:22:06] Page 5: 100 profiles (496 with phone so far)
[18:22:06] Fetching page 6...
[18:22:06] Page 6: 100 profiles (589 with phone so far)
[18:22:07] Fetching page 7...
[18:22:07] Page 7: 100 profiles (689 with phone so far)
[18:22:07] Fetching page 8...
[18:22:07] Page 8: 100 profiles (789 with phone so far)
[18:22:08] Fetching page 9...
[18:22:08] Page 9: 100 profiles (889 with phone so far)
[18:22:08] Fetching page 10...
[18:22:08] Page 10: 100 profiles (989 with phone so far)
[18:22:08] Fetching page 11...
[18:22:09] Page 11: 100 profiles (1089 with phone so far)
[18:22:09] Fetching page 12...
[18:22:09] Page 12: 100 profiles (1189 with phone so far)
[18:22:09] Fetching page 13...
[18:22:10] Page 13: 100 profiles (1289 with phone so far)
[18:22:10] Fetching page 14...
[18:22:10] Page 14: 100 profiles (1389 with phone so far)
[18:22:10] Fetching page 15...
[18:22:11] Page 15: 100 profiles (1489 with phone so far)
[18:22:11] Fetching page 16...
[18:22:11] Page 16: 100 profiles (1589 with phone so far)
[18:22:11] Fetching page 17...
[18:22:12] Page 17: 100 profiles (1689 with phone so far)
[18:22:12] Fetching page 18...
[18:22:12] Page 18: 100 profiles (1789 with phone so far)
[18:22:12] Fetching page 19...
[18:22:13] Page 19: 100 profiles (1889 with phone so far)
[18:22:13] Fetching page 20...
[18:22:13] Page 20: 100 profiles (1989 with phone so far)
[18:22:13] Fetching page 21...
[18:22:13] Page 21: 100 profiles (2089 with phone so far)
[18:22:14] Fetching page 22...
[18:22:14] Page 22: 100 profiles (2189 with phone so far)
[18:22:14] Fetching page 23...
[18:22:14] Page 23: 100 profiles (2289 with phone so far)
[18:22:15] Fetching page 24...
[18:22:15] Page 24: 100 profiles (2389 with phone so far)
[18:22:15] Fetching page 25...
[18:22:15] Page 25: 100 profiles (2489 with phone so far)
[18:22:15] Fetching page 26...
[18:22:16] Page 26: 100 profiles (2589 with phone so far)
[18:22:16] Fetching page 27...
[18:22:16] Page 27: 100 profiles (2689 with phone so far)
[18:22:16] Fetching page 28...
[18:22:16] Page 28: 100 profiles (2789 with phone so far)
[18:22:17] Fetching page 29...
[18:22:17] Page 29: 100 profiles (2889 with phone so far)
[18:22:17] Fetching page 30...
[18:22:17] Page 30: 100 profiles (2989 with phone so far)
[18:22:18] Fetching page 31...
[18:22:18] Page 31: 100 profiles (3089 with phone so far)
[18:22:18] Fetching page 32...
[18:22:18] Page 32: 100 profiles (3189 with phone so far)
[18:22:18] Fetching page 33...
[18:22:19] Page 33: 100 profiles (3289 with phone so far)
[18:22:19] Fetching page 34...
[18:22:19] Page 34: 100 profiles (3389 with phone so far)
[18:22:19] Fetching page 35...
[18:22:20] Page 35: 100 profiles (3489 with phone so far)
[18:22:20] Fetching page 36...
[18:22:20] Page 36: 100 profiles (3589 with phone so far)
[18:22:20] Fetching page 37...
[18:22:20] Page 37: 100 profiles (3689 with phone so far)
[18:22:21] Fetching page 38...
[18:22:21] Page 38: 100 profiles (3789 with phone so far)
[18:22:21] Fetching page 39...
[18:22:21] Page 39: 100 profiles (3889 with phone so far)
[18:22:22] Fetching page 40...
[18:22:22] Page 40: 100 profiles (3989 with phone so far)
[18:22:22] Fetching page 41...
[18:22:22] Page 41: 100 profiles (4089 with phone so far)
[18:22:22] Fetching page 42...
[18:22:23] Page 42: 100 profiles (4189 with phone so far)
[18:22:23] Fetching page 43...
[18:22:23] Page 43: 100 profiles (4289 with phone so far)
[18:22:23] Fetching page 44...
[18:22:24] Page 44: 100 profiles (4389 with phone so far)
[18:22:24] Fetching page 45...
[18:22:24] Page 45: 100 profiles (4489 with phone so far)
[18:22:24] Fetching page 46...
[18:22:24] Page 46: 100 profiles (4589 with phone so far)
[18:22:25] Fetching page 47...
[18:22:25] Page 47: 100 profiles (4689 with phone so far)
[18:22:25] Fetching page 48...
[18:22:25] Page 48: 100 profiles (4789 with phone so far)
[18:22:26] Fetching page 49...
[18:22:26] Page 49: 100 profiles (4889 with phone so far)
[18:22:26] Fetching page 50...
[18:22:26] Page 50: 100 profiles (4989 with phone so far)
[18:22:26] Fetching page 51...
[18:22:27] Page 51: 100 profiles (5089 with phone so far)
[18:22:27] Fetching page 52...
[18:22:27] Page 52: 100 profiles (5189 with phone so far)
[18:22:27] Fetching page 53...
[18:22:28] Page 53: 100 profiles (5289 with phone so far)
[18:22:28] Fetching page 54...
[18:22:28] Page 54: 100 profiles (5389 with phone so far)
[18:22:28] Fetching page 55...
[18:22:28] Page 55: 100 profiles (5489 with phone so far)
[18:22:29] Fetching page 56...
[18:22:29] Page 56: 100 profiles (5589 with phone so far)
[18:22:29] Fetching page 57...
[18:22:29] Page 57: 100 profiles (5689 with phone so far)
[18:22:29] Fetching page 58...
[18:22:30] Page 58: 100 profiles (5789 with phone so far)
[18:22:30] Fetching page 59...
[18:22:30] Page 59: 100 profiles (5889 with phone so far)
[18:22:30] Fetching page 60...
[18:22:31] Page 60: 100 profiles (5989 with phone so far)
[18:22:31] Fetching page 61...
[18:22:31] Page 61: 100 profiles (6089 with phone so far)
[18:22:31] Fetching page 62...
[18:22:33] Page 62: 100 profiles (6189 with phone so far)
[18:22:33] Fetching page 63...
[18:22:33] Page 63: 100 profiles (6289 with phone so far)
[18:22:34] Fetching page 64...
[18:22:34] Page 64: 100 profiles (6389 with phone so far)
[18:22:34] Fetching page 65...
[18:22:34] Page 65: 100 profiles (6489 with phone so far)
[18:22:34] Fetching page 66...
[18:22:35] Page 66: 100 profiles (6589 with phone so far)
[18:22:35] Fetching page 67...
[18:22:35] Page 67: 100 profiles (6689 with phone so far)
[18:22:35] Fetching page 68...
[18:22:36] Page 68: 100 profiles (6789 with phone so far)
[18:22:36] Fetching page 69...
[18:22:36] Page 69: 100 profiles (6889 with phone so far)
[18:22:36] Fetching page 70...
[18:22:36] Page 70: 100 profiles (6989 with phone so far)
[18:22:37] Fetching page 71...
[18:22:37] Page 71: 100 profiles (7089 with phone so far)
[18:22:37] Fetching page 72...
[18:22:37] Page 72: 100 profiles (7189 with phone so far)
[18:22:38] Fetching page 73...
[18:22:38] Page 73: 100 profiles (7289 with phone so far)
[18:22:38] Fetching page 74...
[18:22:38] Page 74: 100 profiles (7389 with phone so far)
[18:22:38] Fetching page 75...
[18:22:39] Page 75: 100 profiles (7489 with phone so far)
[18:22:39] Fetching page 76...
[18:22:39] Page 76: 100 profiles (7589 with phone so far)
[18:22:39] Fetching page 77...
[18:22:39] Page 77: 100 profiles (7689 with phone so far)
[18:22:40] Fetching page 78...
[18:22:40] Page 78: 100 profiles (7789 with phone so far)
[18:22:40] Fetching page 79...
[18:22:40] Page 79: 100 profiles (7889 with phone so far)
[18:22:41] Fetching page 80...
[18:22:41] Page 80: 100 profiles (7989 with phone so far)
[18:22:41] Fetching page 81...
[18:22:41] Page 81: 100 profiles (8007 with phone so far)
[18:22:41] Fetching page 82...
[18:22:42] Page 82: 100 profiles (8007 with phone so far)
[18:22:42] Fetching page 83...
[18:22:42] Page 83: 100 profiles (8032 with phone so far)
[18:22:42] Fetching page 84...
[18:22:43] Page 84: 100 profiles (8094 with phone so far)
[18:22:43] Fetching page 85...
[18:22:43] Page 85: 100 profiles (8162 with phone so far)
[18:22:43] Fetching page 86...
[18:22:43] Page 86: 17 profiles (8172 with phone so far)
[18:22:43] No more pages, fetch complete
[18:22:43] Fetch complete: 8172 profiles with phone_number (86 pages)
[18:22:43] Fetched 8172 total profiles from Klaviyo
[18:22:43] Filtering for valid US phone numbers...
[18:22:43] 8169 profiles have valid US phone numbers
[18:22:43] 3 profiles filtered out (invalid/non-US)
[18:22:43] Processing profiles in Klaviyo batches of 100...
[18:22:43] Total Klaviyo batches: 82
[18:22:43] Processing batch 1/82 (100 profiles)...
[18:22:43] Sample phones: +18456568935, +16463377952, +12675350879, +12672589205, +15168106475
[18:22:43] First profile structure:
{
    "type": "profile",
    "attributes": {
        "phone_number": "+18456568935",
        "subscriptions": {
            "sms": {
                "marketing": {
                    "consent": "SUBSCRIBED"
                }
            }
        }
    }
}
[18:22:45] ✓ Batch 1 submitted successfully (Job ID: unknown)
[18:22:45] Processing batch 2/82 (100 profiles)...
[18:22:46] ✓ Batch 2 submitted successfully (Job ID: unknown)
[18:22:47] Processing batch 3/82 (100 profiles)...
[18:22:47] Removed 1 duplicates from batch 3
[18:22:48] ✓ Batch 3 submitted successfully (Job ID: unknown)
[18:22:48] Processing batch 4/82 (100 profiles)...
[18:22:49] ✓ Batch 4 submitted successfully (Job ID: unknown)
[18:22:50] Processing batch 5/82 (100 profiles)...
[18:22:51] ✓ Batch 5 submitted successfully (Job ID: unknown)
[18:22:52] Processing batch 6/82 (100 profiles)...
[18:22:52] Removed 1 duplicates from batch 6
[18:22:53] ✓ Batch 6 submitted successfully (Job ID: unknown)
[18:22:53] Processing batch 7/82 (100 profiles)...
[18:22:54] ✓ Batch 7 submitted successfully (Job ID: unknown)
[18:22:55] Processing batch 8/82 (100 profiles)...
[18:22:56] ✓ Batch 8 submitted successfully (Job ID: unknown)
[18:22:57] Processing batch 9/82 (100 profiles)...
[18:22:58] ✓ Batch 9 submitted successfully (Job ID: unknown)
[18:22:58] Processing batch 10/82 (100 profiles)...
[18:22:59] ✓ Batch 10 submitted successfully (Job ID: unknown)
[18:23:00] Processing batch 11/82 (100 profiles)...
[18:23:01] ✓ Batch 11 submitted successfully (Job ID: unknown)
[18:23:02] Processing batch 12/82 (100 profiles)...
[18:23:03] ✓ Batch 12 submitted successfully (Job ID: unknown)
[18:23:03] Processing batch 13/82 (100 profiles)...
[18:23:04] ✓ Batch 13 submitted successfully (Job ID: unknown)
[18:23:05] Processing batch 14/82 (100 profiles)...
[18:23:06] ✓ Batch 14 submitted successfully (Job ID: unknown)
[18:23:07] Processing batch 15/82 (100 profiles)...
[18:23:08] ✓ Batch 15 submitted successfully (Job ID: unknown)
[18:23:08] Processing batch 16/82 (100 profiles)...
[18:23:10] ✓ Batch 16 submitted successfully (Job ID: unknown)
[18:23:10] Processing batch 17/82 (100 profiles)...
[18:23:11] ✓ Batch 17 submitted successfully (Job ID: unknown)
[18:23:12] Processing batch 18/82 (100 profiles)...
[18:23:13] ✓ Batch 18 submitted successfully (Job ID: unknown)
[18:23:13] Processing batch 19/82 (100 profiles)...
[18:23:15] ✓ Batch 19 submitted successfully (Job ID: unknown)
[18:23:15] Processing batch 20/82 (100 profiles)...
[18:23:15] Removed 1 duplicates from batch 20
