[2025-12-03 18:45:43] GRANT SMS CONSENT (NEW PROFILES) - Job: default
[18:45:43] ⚠️  SMS CONSENT: Only run for profiles with explicit SMS opt-in
[18:45:43] Lookback window: 2 hours
[18:45:43] Cutoff datetime: 2025-12-03 16:45:43
[18:45:43] Configuration loaded
[18:45:43] API Version: 2025-10-15
[18:45:43] Fetching profiles created after 2025-12-03 16:45:43 from Klaviyo API...
[18:45:43] Fetching profiles created after 2025-12-03 16:45:43...
[18:45:43] DEBUG Filter: greater-than(created,2025-12-03T16:45:43+00:00)
[18:45:43] DEBUG Full URL: https://a.klaviyo.com/api/profiles?filter=greater-than%28created%2C2025-12-03T16%3A45%3A43%2B00%3A00%29&fields%5Bprofile%5D=email%2Cphone_number%2Ccreated&page%5Bsize%5D=100
[18:45:43] Fetching page 1...
[18:45:44] DEBUG Sample phones: (null), +15627169503, (null)
[18:45:44] DEBUG Sample created dates: 2025-12-03T17:45:45+00:00, 2025-12-03T18:27:53+00:00, 2025-12-03T18:27:53+00:00
[18:45:44] Page 1: 3 profiles
[18:45:44] No more pages, fetch complete
[18:45:44] Total recent profiles fetched: 3
[18:45:44] Found 3 NEW profiles within lookback window
[18:45:44] 1 new profiles have valid phone numbers
[18:45:44] Processing 1 batch(es) of up to 100 profiles each
[18:45:44] Processing batch 1/1 (1 profiles)...
[18:45:44] Sample phones: +15627169503
[18:45:44] ✓ Batch 1 submitted successfully (Job ID: unknown)
[18:45:44] --- SMS CONSENT GRANT COMPLETE ---
[18:45:44] Lookback window: 2 hours
[18:45:44] Total profiles fetched: 
[18:45:44] New profiles found: 3
[18:45:44] With valid phone: 1
[18:45:44] Batches processed: 1
[18:45:44] Consent granted: 1
[18:45:44] Failed batches: 0
[18:45:44] Duration: 0.58s
[18:45:44] ✅ Task 5 completed in 0.58s

[18:45:45] ========== FULL SYNC COMPLETE ==========
[18:45:45] Total duration: 10.49s
[18:45:45] Status: COMPLETED WITH ERRORS
